<?xml version="1.0" encoding="UTF-8"?>
<!-- Generated by org.testng.reporters.JUnitReportReporter -->
<testsuite hostname="LAPTOP-DF13E3FV" failures="0" tests="1" name="Rest_Api_Methods.TC_002_Post_Request" time="7.145" errors="0" timestamp="2021-10-17T00:45:43 BST" skipped="0">
  <testcase classname="Rest_Api_Methods.TC_002_Post_Request" name="get_post_data" time="7.145"/>
  <system-out/>
</testsuite> <!-- Rest_Api_Methods.TC_002_Post_Request -->
